<?xml version="1.0" encoding="UTF-8"?>
<testsuite xmlns:xsi="http://www.w3.org/2001/XMLSchema-instance" xsi:noNamespaceSchemaLocation="https://maven.apache.org/surefire/maven-surefire-plugin/xsd/surefire-test-report-3.0.xsd" version="3.0" name="com.projrocketseat.todolist.TodolistApplicationTests" time="8.78" tests="1" errors="0" skipped="0" failures="0">
  <properties>
[...]
</properties>
  <testcase name="contextLoads" classname="com.projrocketseat.todolist.TodolistApplicationTests" time="0.644">
    <system-out><![CDATA[20:33:23.824 [main] INFO org.springframework.test.context.support.AnnotationConfigContextLoaderUtils -- Could not detect default configuration classes for test class [com.projrocketseat.todolist.TodolistApplicationTests]: TodolistApplicationTests does not declare any static, non-private, non-final, nested classes annotated with @Configuration.
20:33:24.007 [main] INFO org.springframework.boot.test.context.SpringBootTestContextBootstrapper -- Found @SpringBootConfiguration com.projrocketseat.todolist.TodolistApplication for test class com.projrocketseat.todolist.TodolistApplicationTests

  .   ____          _            __ _ _
 /\\ / ___'_ __ _ _(_)_ __  __ _ \ \ \ \
( ( )\___ | '_ | '_| | '_ \/ _` | \ \ \ \
 \\/  ___)| |_)| | | | | || (_| |  ) ) ) )
  '  |____| .__|_| |_|_| |_\__, | / / / /
 =========|_|==============|___/=/_/_/_/
 :: Spring Boot ::                (v3.1.4)

2023-10-11T20:33:24.659-03:00  INFO 14500 --- [           main] c.p.todolist.TodolistApplicationTests    : Starting TodolistApplicationTests using Java 17.0.8 with PID 14500 (started by rianf in C:\Users\rianf\Documents\Projetos Spring Java\todolist)
2023-10-11T20:33:24.664-03:00  INFO 14500 --- [           main] c.p.todolist.TodolistApplicationTests    : No active profile set, falling back to 1 default profile: "default"
2023-10-11T20:33:25.861-03:00  INFO 14500 --- [           main] .s.d.r.c.RepositoryConfigurationDelegate : Bootstrapping Spring Data JPA repositories in DEFAULT mode.
2023-10-11T20:33:25.966-03:00  INFO 14500 --- [           main] .s.d.r.c.RepositoryConfigurationDelegate : Finished Spring Data repository scanning in 91 ms. Found 2 JPA repository interfaces.
2023-10-11T20:33:26.956-03:00  INFO 14500 --- [           main] o.f.c.internal.license.VersionPrinter    : Flyway Community Edition 9.16.3 by Redgate
2023-10-11T20:33:26.956-03:00  INFO 14500 --- [           main] o.f.c.internal.license.VersionPrinter    : See release notes here: https://rd.gt/416ObMi
2023-10-11T20:33:26.956-03:00  INFO 14500 --- [           main] o.f.c.internal.license.VersionPrinter    : 
2023-10-11T20:33:26.970-03:00  INFO 14500 --- [           main] com.zaxxer.hikari.HikariDataSource       : HikariPool-1 - Starting...
2023-10-11T20:33:27.380-03:00  INFO 14500 --- [           main] com.zaxxer.hikari.pool.HikariPool        : HikariPool-1 - Added connection org.postgresql.jdbc.PgConnection@2b53840a
2023-10-11T20:33:27.384-03:00  INFO 14500 --- [           main] com.zaxxer.hikari.HikariDataSource       : HikariPool-1 - Start completed.
2023-10-11T20:33:27.413-03:00  INFO 14500 --- [           main] o.f.c.i.database.base.BaseDatabaseType   : Database: jdbc:postgresql://localhost:5432/todolist (PostgreSQL 14.8)
2023-10-11T20:33:27.490-03:00  INFO 14500 --- [           main] o.f.core.internal.command.DbValidate     : Successfully validated 2 migrations (execution time 00:00.043s)
2023-10-11T20:33:27.566-03:00  INFO 14500 --- [           main] o.f.core.internal.command.DbMigrate      : Current version of schema "public": 2
2023-10-11T20:33:27.567-03:00  INFO 14500 --- [           main] o.f.core.internal.command.DbMigrate      : Schema "public" is up to date. No migration necessary.
2023-10-11T20:33:27.809-03:00  INFO 14500 --- [           main] o.hibernate.jpa.internal.util.LogHelper  : HHH000204: Processing PersistenceUnitInfo [name: default]
2023-10-11T20:33:27.981-03:00  INFO 14500 --- [           main] org.hibernate.Version                    : HHH000412: Hibernate ORM core version 6.2.9.Final
2023-10-11T20:33:27.986-03:00  INFO 14500 --- [           main] org.hibernate.cfg.Environment            : HHH000406: Using bytecode reflection optimizer
2023-10-11T20:33:28.350-03:00  INFO 14500 --- [           main] o.h.b.i.BytecodeProviderInitiator        : HHH000021: Bytecode provider name : bytebuddy
2023-10-11T20:33:28.643-03:00  INFO 14500 --- [           main] o.s.o.j.p.SpringPersistenceUnitInfo      : No LoadTimeWeaver setup: ignoring JPA class transformer
2023-10-11T20:33:29.103-03:00  INFO 14500 --- [           main] o.h.b.i.BytecodeProviderInitiator        : HHH000021: Bytecode provider name : bytebuddy
2023-10-11T20:33:30.095-03:00  INFO 14500 --- [           main] o.h.e.t.j.p.i.JtaPlatformInitiator       : HHH000490: Using JtaPlatform implementation: [org.hibernate.engine.transaction.jta.platform.internal.NoJtaPlatform]
2023-10-11T20:33:30.100-03:00  INFO 14500 --- [           main] j.LocalContainerEntityManagerFactoryBean : Initialized JPA EntityManagerFactory for persistence unit 'default'
2023-10-11T20:33:30.727-03:00  WARN 14500 --- [           main] JpaBaseConfiguration$JpaWebConfiguration : spring.jpa.open-in-view is enabled by default. Therefore, database queries may be performed during view rendering. Explicitly configure spring.jpa.open-in-view to disable this warning
2023-10-11T20:33:30.756-03:00  WARN 14500 --- [           main] .s.s.UserDetailsServiceAutoConfiguration : 

Using generated security password: e643cb49-9e4a-4235-a893-05d4353d9cdd

This generated password is for development use only. Your security configuration must be updated before running your application in production.

2023-10-11T20:33:30.938-03:00  INFO 14500 --- [           main] o.s.s.web.DefaultSecurityFilterChain     : Will secure any request with [org.springframework.security.web.session.DisableEncodeUrlFilter@127320df, org.springframework.security.web.context.request.async.WebAsyncManagerIntegrationFilter@6c3884f5, org.springframework.security.web.context.SecurityContextHolderFilter@6efc9d3f, org.springframework.security.web.header.HeaderWriterFilter@47400608, org.springframework.security.web.authentication.logout.LogoutFilter@65294247, com.projrocketseat.todolist.infra.security.FilterTaskAuth@34d3409d, org.springframework.security.web.savedrequest.RequestCacheAwareFilter@4172c967, org.springframework.security.web.servletapi.SecurityContextHolderAwareRequestFilter@5857d723, org.springframework.security.web.authentication.AnonymousAuthenticationFilter@6778636f, org.springframework.security.web.access.ExceptionTranslationFilter@7ed5cc8c, org.springframework.security.web.access.intercept.AuthorizationFilter@f6e3b67]
2023-10-11T20:33:31.666-03:00  INFO 14500 --- [           main] c.p.todolist.TodolistApplicationTests    : Started TodolistApplicationTests in 7.371 seconds (process running for 8.806)
]]></system-out>
  </testcase>
</testsuite>